2024-12-08 22:05:06 -  - exec CUpdateClientPartner::__CollectRequestData
2024-12-08 22:05:06 -  - exec CUpdateClientPartner::GetHTTPPage
2024-12-08 22:05:06 -  - exec CUpdateClientPartner::ParseServerData
2024-12-08 22:05:06 -  - exec CUpdateClientPartner::GetUpdatesList
2024-12-08 22:05:06 -  - exec CUpdateClientPartner::__CollectRequestData
2024-12-08 22:05:06 -  - utf=Y&lang=ru&stable=Y&CANGZIP=Y&SUPD_DBS=MYSQL&XE=N&CLIENT_SITE=6.shurikromanov.site&LICENSE_KEY=X&SUPD_STS=1&SUPD_URS=1&TYPENC=D&CLIENT_PHPVER=8.0.30&NGINX=Y&dbv=5.7.21&instm=main%2C23.300.100%2CY%3Bb24connector%2C22.0.0%2CN%3Bbitrixcloud%2C22.100.0%2CN%3Bbitrix.sitecorporate%2C15.5.0%2CN%3Bsocialservices%2C22.200.400%2CN%3Brest%2C23.100.0%2CN%3Bseo%2C23.200.0%2CN%3Blocation%2C23.0.0%2CN%3Bmessageservice%2C23.0.0%2CN%3Blanding%2C23.600.100%2CN%3Bsearch%2C22.100.0%2CN%3Biblock%2C23.100.0%2CN%3Bclouds%2C23.0.0%2CN%3Bfileman%2C22.300.0%2CN%3Btranslate%2C23.200.0%2CN%3Bhighloadblock%2C22.200.0%2CN%3Bui%2C22.1600.0%2CN%3Bperfmon%2C21.0.0%2CN&reqm=bitrix.sitecorporate&fullmoduleinfo=Y&SUPD_SRS=RU&SUPD_CMP=N
2024-12-08 22:05:06 -  - exec CUpdateClientPartner::GetHTTPPage
2024-12-08 22:05:06 -  - TIME GetUpdatesList(request) 0.145 sec
2024-12-08 22:05:06 -  - exec CUpdateClientPartner::ParseServerData
2024-12-08 22:05:06 -  - exec CUpdateClientPartner::__CollectRequestData
2024-12-08 22:05:06 -  - exec CUpdateClientPartner::GetHTTPPage
2024-12-08 22:05:06 -  - exec CUpdateClientPartner::ParseServerData
2024-12-09 22:09:33 -  - exec CUpdateClientPartner::__CollectRequestData
2024-12-09 22:09:33 -  - exec CUpdateClientPartner::GetHTTPPage
2024-12-09 22:09:33 -  - exec CUpdateClientPartner::ParseServerData
2024-12-09 22:09:33 -  - exec CUpdateClientPartner::GetUpdatesList
2024-12-09 22:09:33 -  - exec CUpdateClientPartner::__CollectRequestData
2024-12-09 22:09:33 -  - utf=Y&lang=ru&stable=Y&CANGZIP=Y&SUPD_DBS=MYSQL&XE=N&CLIENT_SITE=6.shurikromanov.site&LICENSE_KEY=X&SUPD_STS=1&SUPD_URS=1&TYPENC=D&CLIENT_PHPVER=8.0.30&NGINX=Y&dbv=5.7.21&instm=main%2C23.300.100%2CY%3Bb24connector%2C22.0.0%2CN%3Bbitrixcloud%2C22.100.0%2CN%3Bbitrix.sitecorporate%2C15.5.0%2CN%3Bsocialservices%2C22.200.400%2CN%3Brest%2C23.100.0%2CN%3Bseo%2C23.200.0%2CN%3Blocation%2C23.0.0%2CN%3Bmessageservice%2C23.0.0%2CN%3Blanding%2C23.600.100%2CN%3Bsearch%2C22.100.0%2CN%3Biblock%2C23.100.0%2CN%3Bclouds%2C23.0.0%2CN%3Bfileman%2C22.300.0%2CN%3Btranslate%2C23.200.0%2CN%3Bhighloadblock%2C22.200.0%2CN%3Bui%2C22.1600.0%2CN%3Bperfmon%2C21.0.0%2CN&reqm=bitrix.sitecorporate&fullmoduleinfo=Y&SUPD_SRS=RU&SUPD_CMP=N
2024-12-09 22:09:33 -  - exec CUpdateClientPartner::GetHTTPPage
2024-12-09 22:09:33 -  - TIME GetUpdatesList(request) 0.127 sec
2024-12-09 22:09:33 -  - exec CUpdateClientPartner::ParseServerData
2024-12-09 22:09:33 -  - exec CUpdateClientPartner::__CollectRequestData
2024-12-09 22:09:33 -  - exec CUpdateClientPartner::GetHTTPPage
2024-12-09 22:09:33 -  - exec CUpdateClientPartner::ParseServerData
2024-12-10 22:18:35 -  - exec CUpdateClientPartner::__CollectRequestData
2024-12-10 22:18:35 -  - exec CUpdateClientPartner::GetHTTPPage
2024-12-10 22:18:35 -  - exec CUpdateClientPartner::ParseServerData
2024-12-10 22:18:35 -  - exec CUpdateClientPartner::GetUpdatesList
2024-12-10 22:18:35 -  - exec CUpdateClientPartner::__CollectRequestData
2024-12-10 22:18:35 -  - utf=Y&lang=ru&stable=Y&CANGZIP=Y&SUPD_DBS=MYSQL&XE=N&CLIENT_SITE=6.shurikromanov.site&LICENSE_KEY=X&SUPD_STS=1&SUPD_URS=1&TYPENC=D&CLIENT_PHPVER=8.0.30&NGINX=Y&dbv=5.7.21&instm=main%2C23.300.100%2CY%3Bb24connector%2C22.0.0%2CN%3Bbitrixcloud%2C22.100.0%2CN%3Bbitrix.sitecorporate%2C15.5.0%2CN%3Bsocialservices%2C22.200.400%2CN%3Brest%2C23.100.0%2CN%3Bseo%2C23.200.0%2CN%3Blocation%2C23.0.0%2CN%3Bmessageservice%2C23.0.0%2CN%3Blanding%2C23.600.100%2CN%3Bsearch%2C22.100.0%2CN%3Biblock%2C23.100.0%2CN%3Bclouds%2C23.0.0%2CN%3Bfileman%2C22.300.0%2CN%3Btranslate%2C23.200.0%2CN%3Bhighloadblock%2C22.200.0%2CN%3Bui%2C22.1600.0%2CN%3Bperfmon%2C21.0.0%2CN&reqm=bitrix.sitecorporate&fullmoduleinfo=Y&SUPD_SRS=RU&SUPD_CMP=N
2024-12-10 22:18:35 -  - exec CUpdateClientPartner::GetHTTPPage
2024-12-10 22:18:35 -  - TIME GetUpdatesList(request) 0.129 sec
2024-12-10 22:18:35 -  - exec CUpdateClientPartner::ParseServerData
2024-12-10 22:18:35 -  - exec CUpdateClientPartner::__CollectRequestData
2024-12-10 22:18:35 -  - exec CUpdateClientPartner::GetHTTPPage
2024-12-10 22:18:35 -  - exec CUpdateClientPartner::ParseServerData
2024-12-13 21:53:55 -  - exec CUpdateClientPartner::__CollectRequestData
2024-12-13 21:53:55 -  - exec CUpdateClientPartner::GetHTTPPage
2024-12-13 21:53:55 -  - exec CUpdateClientPartner::ParseServerData
2024-12-13 21:53:55 -  - exec CUpdateClientPartner::GetUpdatesList
2024-12-13 21:53:55 -  - exec CUpdateClientPartner::__CollectRequestData
2024-12-13 21:53:55 -  - utf=Y&lang=ru&stable=Y&CANGZIP=Y&SUPD_DBS=MYSQL&XE=N&CLIENT_SITE=6.shurikromanov.site&LICENSE_KEY=X&SUPD_STS=1&SUPD_URS=1&TYPENC=D&CLIENT_PHPVER=8.0.30&NGINX=Y&dbv=5.7.21&instm=main%2C23.300.100%2CY%3Bb24connector%2C22.0.0%2CN%3Bbitrixcloud%2C22.100.0%2CN%3Bbitrix.sitecorporate%2C15.5.0%2CN%3Bsocialservices%2C22.200.400%2CN%3Brest%2C23.100.0%2CN%3Bseo%2C23.200.0%2CN%3Blocation%2C23.0.0%2CN%3Bmessageservice%2C23.0.0%2CN%3Blanding%2C23.600.100%2CN%3Bsearch%2C22.100.0%2CN%3Biblock%2C23.100.0%2CN%3Bclouds%2C23.0.0%2CN%3Bfileman%2C22.300.0%2CN%3Btranslate%2C23.200.0%2CN%3Bhighloadblock%2C22.200.0%2CN%3Bui%2C22.1600.0%2CN%3Bperfmon%2C21.0.0%2CN&reqm=bitrix.sitecorporate&fullmoduleinfo=Y&SUPD_SRS=RU&SUPD_CMP=N
2024-12-13 21:53:55 -  - exec CUpdateClientPartner::GetHTTPPage
2024-12-13 21:53:55 -  - TIME GetUpdatesList(request) 0.121 sec
2024-12-13 21:53:55 -  - exec CUpdateClientPartner::ParseServerData
2024-12-13 21:53:55 -  - exec CUpdateClientPartner::__CollectRequestData
2024-12-13 21:53:55 -  - exec CUpdateClientPartner::GetHTTPPage
2024-12-13 21:53:56 -  - exec CUpdateClientPartner::ParseServerData
2024-12-15 08:24:31 -  - exec CUpdateClientPartner::__CollectRequestData
2024-12-15 08:24:31 -  - exec CUpdateClientPartner::GetHTTPPage
2024-12-15 08:24:32 -  - exec CUpdateClientPartner::ParseServerData
2024-12-15 08:24:32 -  - exec CUpdateClientPartner::GetUpdatesList
2024-12-15 08:24:32 -  - exec CUpdateClientPartner::__CollectRequestData
2024-12-15 08:24:32 -  - utf=Y&lang=ru&stable=Y&CANGZIP=Y&SUPD_DBS=MYSQL&XE=N&CLIENT_SITE=6.shurikromanov.site&LICENSE_KEY=X&SUPD_STS=1&SUPD_URS=1&TYPENC=D&CLIENT_PHPVER=8.0.30&NGINX=Y&dbv=5.7.21&instm=main%2C23.300.100%2CY%3Bb24connector%2C22.0.0%2CN%3Bbitrixcloud%2C22.100.0%2CN%3Bbitrix.sitecorporate%2C15.5.0%2CN%3Bsocialservices%2C22.200.400%2CN%3Brest%2C23.100.0%2CN%3Bseo%2C23.200.0%2CN%3Blocation%2C23.0.0%2CN%3Bmessageservice%2C23.0.0%2CN%3Blanding%2C23.600.100%2CN%3Bsearch%2C22.100.0%2CN%3Biblock%2C23.100.0%2CN%3Bclouds%2C23.0.0%2CN%3Bfileman%2C22.300.0%2CN%3Btranslate%2C23.200.0%2CN%3Bhighloadblock%2C22.200.0%2CN%3Bui%2C22.1600.0%2CN%3Bperfmon%2C21.0.0%2CN&reqm=bitrix.sitecorporate&fullmoduleinfo=Y&SUPD_SRS=RU&SUPD_CMP=N
2024-12-15 08:24:32 -  - exec CUpdateClientPartner::GetHTTPPage
2024-12-15 08:24:32 -  - TIME GetUpdatesList(request) 0.121 sec
2024-12-15 08:24:32 -  - exec CUpdateClientPartner::ParseServerData
2024-12-15 08:24:32 -  - exec CUpdateClientPartner::__CollectRequestData
2024-12-15 08:24:32 -  - exec CUpdateClientPartner::GetHTTPPage
2024-12-15 08:24:32 -  - exec CUpdateClientPartner::ParseServerData
2024-12-18 16:37:22 -  - exec CUpdateClientPartner::__CollectRequestData
2024-12-18 16:37:22 -  - exec CUpdateClientPartner::GetHTTPPage
2024-12-18 16:37:22 -  - exec CUpdateClientPartner::ParseServerData
2024-12-18 16:37:22 -  - exec CUpdateClientPartner::GetUpdatesList
2024-12-18 16:37:22 -  - exec CUpdateClientPartner::__CollectRequestData
2024-12-18 16:37:22 -  - utf=Y&lang=ru&stable=Y&CANGZIP=Y&SUPD_DBS=MYSQL&XE=N&CLIENT_SITE=6.shurikromanov.site&LICENSE_KEY=X&SUPD_STS=1&SUPD_URS=1&TYPENC=D&CLIENT_PHPVER=8.0.30&NGINX=Y&dbv=5.7.21&instm=main%2C23.300.100%2CY%3Bb24connector%2C22.0.0%2CN%3Bbitrixcloud%2C22.100.0%2CN%3Bbitrix.sitecorporate%2C15.5.0%2CN%3Bsocialservices%2C22.200.400%2CN%3Brest%2C23.100.0%2CN%3Bseo%2C23.200.0%2CN%3Blocation%2C23.0.0%2CN%3Bmessageservice%2C23.0.0%2CN%3Blanding%2C23.600.100%2CN%3Bsearch%2C22.100.0%2CN%3Biblock%2C23.100.0%2CN%3Bclouds%2C23.0.0%2CN%3Bfileman%2C22.300.0%2CN%3Btranslate%2C23.200.0%2CN%3Bhighloadblock%2C22.200.0%2CN%3Bui%2C22.1600.0%2CN%3Bperfmon%2C21.0.0%2CN&reqm=bitrix.sitecorporate&fullmoduleinfo=Y&SUPD_SRS=RU&SUPD_CMP=N
2024-12-18 16:37:22 -  - exec CUpdateClientPartner::GetHTTPPage
2024-12-18 16:37:22 -  - TIME GetUpdatesList(request) 0.139 sec
2024-12-18 16:37:22 -  - exec CUpdateClientPartner::ParseServerData
2024-12-18 16:37:22 -  - exec CUpdateClientPartner::__CollectRequestData
2024-12-18 16:37:22 -  - exec CUpdateClientPartner::GetHTTPPage
2024-12-18 16:37:22 -  - exec CUpdateClientPartner::ParseServerData
2024-12-19 22:01:33 -  - exec CUpdateClientPartner::__CollectRequestData
2024-12-19 22:01:33 -  - exec CUpdateClientPartner::GetHTTPPage
2024-12-19 22:01:33 -  - exec CUpdateClientPartner::ParseServerData
2024-12-19 22:01:33 -  - exec CUpdateClientPartner::GetUpdatesList
2024-12-19 22:01:33 -  - exec CUpdateClientPartner::__CollectRequestData
2024-12-19 22:01:33 -  - utf=Y&lang=ru&stable=Y&CANGZIP=Y&SUPD_DBS=MYSQL&XE=N&CLIENT_SITE=6.shurikromanov.site&LICENSE_KEY=X&SUPD_STS=1&SUPD_URS=1&TYPENC=D&CLIENT_PHPVER=8.0.30&NGINX=Y&dbv=5.7.21&instm=main%2C23.300.100%2CY%3Bb24connector%2C22.0.0%2CN%3Bbitrixcloud%2C22.100.0%2CN%3Bbitrix.sitecorporate%2C15.5.0%2CN%3Bsocialservices%2C22.200.400%2CN%3Brest%2C23.100.0%2CN%3Bseo%2C23.200.0%2CN%3Blocation%2C23.0.0%2CN%3Bmessageservice%2C23.0.0%2CN%3Blanding%2C23.600.100%2CN%3Bsearch%2C22.100.0%2CN%3Biblock%2C23.100.0%2CN%3Bclouds%2C23.0.0%2CN%3Bfileman%2C22.300.0%2CN%3Btranslate%2C23.200.0%2CN%3Bhighloadblock%2C22.200.0%2CN%3Bui%2C22.1600.0%2CN%3Bperfmon%2C21.0.0%2CN&reqm=bitrix.sitecorporate&fullmoduleinfo=Y&SUPD_SRS=RU&SUPD_CMP=N
2024-12-19 22:01:33 -  - exec CUpdateClientPartner::GetHTTPPage
2024-12-19 22:01:34 -  - TIME GetUpdatesList(request) 0.123 sec
2024-12-19 22:01:34 -  - exec CUpdateClientPartner::ParseServerData
2024-12-19 22:01:34 -  - exec CUpdateClientPartner::__CollectRequestData
2024-12-19 22:01:34 -  - exec CUpdateClientPartner::GetHTTPPage
2024-12-19 22:01:34 -  - exec CUpdateClientPartner::ParseServerData
2025-01-01 14:13:24 -  - exec CUpdateClientPartner::__CollectRequestData
2025-01-01 14:13:24 -  - exec CUpdateClientPartner::GetHTTPPage
2025-01-01 14:13:24 -  - exec CUpdateClientPartner::ParseServerData
2025-01-01 14:13:24 -  - exec CUpdateClientPartner::GetUpdatesList
2025-01-01 14:13:24 -  - exec CUpdateClientPartner::__CollectRequestData
2025-01-01 14:13:24 -  - utf=Y&lang=ru&stable=Y&CANGZIP=Y&SUPD_DBS=MYSQL&XE=N&CLIENT_SITE=6.shurikromanov.site&LICENSE_KEY=X&SUPD_STS=1&SUPD_URS=1&TYPENC=D&CLIENT_PHPVER=8.0.30&NGINX=Y&dbv=5.7.21&instm=main%2C23.300.100%2CY%3Bb24connector%2C22.0.0%2CN%3Bbitrixcloud%2C22.100.0%2CN%3Bbitrix.sitecorporate%2C15.5.0%2CN%3Bsocialservices%2C22.200.400%2CN%3Brest%2C23.100.0%2CN%3Bseo%2C23.200.0%2CN%3Blocation%2C23.0.0%2CN%3Bmessageservice%2C23.0.0%2CN%3Blanding%2C23.600.100%2CN%3Bsearch%2C22.100.0%2CN%3Biblock%2C23.100.0%2CN%3Bclouds%2C23.0.0%2CN%3Bfileman%2C22.300.0%2CN%3Btranslate%2C23.200.0%2CN%3Bhighloadblock%2C22.200.0%2CN%3Bui%2C22.1600.0%2CN%3Bperfmon%2C21.0.0%2CN&reqm=bitrix.sitecorporate&fullmoduleinfo=Y&SUPD_SRS=RU&SUPD_CMP=N
2025-01-01 14:13:24 -  - exec CUpdateClientPartner::GetHTTPPage
2025-01-01 14:13:24 -  - TIME GetUpdatesList(request) 0.127 sec
2025-01-01 14:13:24 -  - exec CUpdateClientPartner::ParseServerData
2025-01-01 14:13:24 -  - exec CUpdateClientPartner::__CollectRequestData
2025-01-01 14:13:24 -  - exec CUpdateClientPartner::GetHTTPPage
2025-01-01 14:13:24 -  - exec CUpdateClientPartner::ParseServerData
2025-01-03 13:16:45 -  - exec CUpdateClientPartner::__CollectRequestData
2025-01-03 13:16:45 -  - exec CUpdateClientPartner::GetHTTPPage
2025-01-03 13:16:46 -  - exec CUpdateClientPartner::ParseServerData
2025-01-03 13:16:46 -  - exec CUpdateClientPartner::GetUpdatesList
2025-01-03 13:16:46 -  - exec CUpdateClientPartner::__CollectRequestData
2025-01-03 13:16:46 -  - utf=Y&lang=ru&stable=Y&CANGZIP=Y&SUPD_DBS=MYSQL&XE=N&CLIENT_SITE=6.shurikromanov.site&LICENSE_KEY=X&SUPD_STS=1&SUPD_URS=1&TYPENC=D&CLIENT_PHPVER=8.0.30&NGINX=Y&dbv=5.7.21&instm=main%2C23.300.100%2CY%3Bb24connector%2C22.0.0%2CN%3Bbitrixcloud%2C22.100.0%2CN%3Bbitrix.sitecorporate%2C15.5.0%2CN%3Bsocialservices%2C22.200.400%2CN%3Brest%2C23.100.0%2CN%3Bseo%2C23.200.0%2CN%3Blocation%2C23.0.0%2CN%3Bmessageservice%2C23.0.0%2CN%3Blanding%2C23.600.100%2CN%3Bsearch%2C22.100.0%2CN%3Biblock%2C23.100.0%2CN%3Bclouds%2C23.0.0%2CN%3Bfileman%2C22.300.0%2CN%3Btranslate%2C23.200.0%2CN%3Bhighloadblock%2C22.200.0%2CN%3Bui%2C22.1600.0%2CN%3Bperfmon%2C21.0.0%2CN&reqm=bitrix.sitecorporate&fullmoduleinfo=Y&SUPD_SRS=RU&SUPD_CMP=N
2025-01-03 13:16:46 -  - exec CUpdateClientPartner::GetHTTPPage
2025-01-03 13:16:46 -  - TIME GetUpdatesList(request) 0.127 sec
2025-01-03 13:16:46 -  - exec CUpdateClientPartner::ParseServerData
2025-01-03 13:16:46 -  - exec CUpdateClientPartner::__CollectRequestData
2025-01-03 13:16:46 -  - exec CUpdateClientPartner::GetHTTPPage
2025-01-03 13:16:46 -  - exec CUpdateClientPartner::ParseServerData
2025-01-04 16:49:45 -  - exec CUpdateClientPartner::__CollectRequestData
2025-01-04 16:49:45 -  - exec CUpdateClientPartner::GetHTTPPage
2025-01-04 16:49:46 -  - exec CUpdateClientPartner::ParseServerData
2025-01-04 16:49:46 -  - exec CUpdateClientPartner::GetUpdatesList
2025-01-04 16:49:46 -  - exec CUpdateClientPartner::__CollectRequestData
2025-01-04 16:49:46 -  - utf=Y&lang=ru&stable=Y&CANGZIP=Y&SUPD_DBS=MYSQL&XE=N&CLIENT_SITE=6.shurikromanov.site&LICENSE_KEY=X&SUPD_STS=1&SUPD_URS=1&TYPENC=D&CLIENT_PHPVER=8.0.30&NGINX=Y&dbv=5.7.21&instm=main%2C23.300.100%2CY%3Bb24connector%2C22.0.0%2CN%3Bbitrixcloud%2C22.100.0%2CN%3Bbitrix.sitecorporate%2C15.5.0%2CN%3Bsocialservices%2C22.200.400%2CN%3Brest%2C23.100.0%2CN%3Bseo%2C23.200.0%2CN%3Blocation%2C23.0.0%2CN%3Bmessageservice%2C23.0.0%2CN%3Blanding%2C23.600.100%2CN%3Bsearch%2C22.100.0%2CN%3Biblock%2C23.100.0%2CN%3Bclouds%2C23.0.0%2CN%3Bfileman%2C22.300.0%2CN%3Btranslate%2C23.200.0%2CN%3Bhighloadblock%2C22.200.0%2CN%3Bui%2C22.1600.0%2CN%3Bperfmon%2C21.0.0%2CN&reqm=bitrix.sitecorporate&fullmoduleinfo=Y&SUPD_SRS=RU&SUPD_CMP=N
2025-01-04 16:49:46 -  - exec CUpdateClientPartner::GetHTTPPage
2025-01-04 16:49:46 -  - TIME GetUpdatesList(request) 0.127 sec
2025-01-04 16:49:46 -  - exec CUpdateClientPartner::ParseServerData
2025-01-04 16:49:46 -  - exec CUpdateClientPartner::__CollectRequestData
2025-01-04 16:49:46 -  - exec CUpdateClientPartner::GetHTTPPage
2025-01-04 16:49:46 -  - exec CUpdateClientPartner::ParseServerData
2025-01-05 18:45:35 -  - exec CUpdateClientPartner::__CollectRequestData
2025-01-05 18:45:35 -  - exec CUpdateClientPartner::GetHTTPPage
2025-01-05 18:45:35 -  - exec CUpdateClientPartner::ParseServerData
2025-01-05 18:45:35 -  - exec CUpdateClientPartner::GetUpdatesList
2025-01-05 18:45:35 -  - exec CUpdateClientPartner::__CollectRequestData
2025-01-05 18:45:35 -  - utf=Y&lang=ru&stable=Y&CANGZIP=Y&SUPD_DBS=MYSQL&XE=N&CLIENT_SITE=6.shurikromanov.site&LICENSE_KEY=X&SUPD_STS=1&SUPD_URS=1&TYPENC=D&CLIENT_PHPVER=8.0.30&NGINX=Y&dbv=5.7.21&instm=main%2C23.300.100%2CY%3Bb24connector%2C22.0.0%2CN%3Bbitrixcloud%2C22.100.0%2CN%3Bbitrix.sitecorporate%2C15.5.0%2CN%3Bsocialservices%2C22.200.400%2CN%3Brest%2C23.100.0%2CN%3Bseo%2C23.200.0%2CN%3Blocation%2C23.0.0%2CN%3Bmessageservice%2C23.0.0%2CN%3Blanding%2C23.600.100%2CN%3Bsearch%2C22.100.0%2CN%3Biblock%2C23.100.0%2CN%3Bclouds%2C23.0.0%2CN%3Bfileman%2C22.300.0%2CN%3Btranslate%2C23.200.0%2CN%3Bhighloadblock%2C22.200.0%2CN%3Bui%2C22.1600.0%2CN%3Bperfmon%2C21.0.0%2CN&reqm=bitrix.sitecorporate&fullmoduleinfo=Y&SUPD_SRS=RU&SUPD_CMP=N
2025-01-05 18:45:35 -  - exec CUpdateClientPartner::GetHTTPPage
2025-01-05 18:45:36 -  - TIME GetUpdatesList(request) 0.119 sec
2025-01-05 18:45:36 -  - exec CUpdateClientPartner::ParseServerData
2025-01-05 18:45:36 -  - exec CUpdateClientPartner::__CollectRequestData
2025-01-05 18:45:36 -  - exec CUpdateClientPartner::GetHTTPPage
2025-01-05 18:45:36 -  - exec CUpdateClientPartner::ParseServerData
2025-01-08 18:51:43 -  - exec CUpdateClientPartner::__CollectRequestData
2025-01-08 18:51:43 -  - exec CUpdateClientPartner::GetHTTPPage
2025-01-08 18:51:44 -  - exec CUpdateClientPartner::ParseServerData
2025-01-08 18:51:44 -  - exec CUpdateClientPartner::GetUpdatesList
2025-01-08 18:51:44 -  - exec CUpdateClientPartner::__CollectRequestData
2025-01-08 18:51:44 -  - utf=Y&lang=ru&stable=Y&CANGZIP=Y&SUPD_DBS=MYSQL&XE=N&CLIENT_SITE=6.shurikromanov.site&LICENSE_KEY=X&SUPD_STS=1&SUPD_URS=1&TYPENC=D&CLIENT_PHPVER=8.0.30&NGINX=Y&dbv=5.7.21&instm=main%2C23.300.100%2CY%3Bb24connector%2C22.0.0%2CN%3Bbitrixcloud%2C22.100.0%2CN%3Bbitrix.sitecorporate%2C15.5.0%2CN%3Bsocialservices%2C22.200.400%2CN%3Brest%2C23.100.0%2CN%3Bseo%2C23.200.0%2CN%3Blocation%2C23.0.0%2CN%3Bmessageservice%2C23.0.0%2CN%3Blanding%2C23.600.100%2CN%3Bsearch%2C22.100.0%2CN%3Biblock%2C23.100.0%2CN%3Bclouds%2C23.0.0%2CN%3Bfileman%2C22.300.0%2CN%3Btranslate%2C23.200.0%2CN%3Bhighloadblock%2C22.200.0%2CN%3Bui%2C22.1600.0%2CN%3Bperfmon%2C21.0.0%2CN&reqm=bitrix.sitecorporate&fullmoduleinfo=Y&SUPD_SRS=RU&SUPD_CMP=N
2025-01-08 18:51:44 -  - exec CUpdateClientPartner::GetHTTPPage
2025-01-08 18:51:44 -  - TIME GetUpdatesList(request) 0.132 sec
2025-01-08 18:51:44 -  - exec CUpdateClientPartner::ParseServerData
2025-01-08 18:51:44 -  - exec CUpdateClientPartner::__CollectRequestData
2025-01-08 18:51:44 -  - exec CUpdateClientPartner::GetHTTPPage
2025-01-08 18:51:44 -  - exec CUpdateClientPartner::ParseServerData
2025-01-09 21:56:41 -  - exec CUpdateClientPartner::__CollectRequestData
2025-01-09 21:56:41 -  - exec CUpdateClientPartner::GetHTTPPage
2025-01-09 21:56:41 -  - exec CUpdateClientPartner::ParseServerData
2025-01-09 21:56:41 -  - exec CUpdateClientPartner::GetUpdatesList
2025-01-09 21:56:41 -  - exec CUpdateClientPartner::__CollectRequestData
2025-01-09 21:56:41 -  - utf=Y&lang=ru&stable=Y&CANGZIP=Y&SUPD_DBS=MYSQL&XE=N&CLIENT_SITE=6.shurikromanov.site&LICENSE_KEY=X&SUPD_STS=1&SUPD_URS=1&TYPENC=D&CLIENT_PHPVER=8.0.30&NGINX=Y&dbv=5.7.21&instm=main%2C23.300.100%2CY%3Bb24connector%2C22.0.0%2CN%3Bbitrixcloud%2C22.100.0%2CN%3Bbitrix.sitecorporate%2C15.5.0%2CN%3Bsocialservices%2C22.200.400%2CN%3Brest%2C23.100.0%2CN%3Bseo%2C23.200.0%2CN%3Blocation%2C23.0.0%2CN%3Bmessageservice%2C23.0.0%2CN%3Blanding%2C23.600.100%2CN%3Bsearch%2C22.100.0%2CN%3Biblock%2C23.100.0%2CN%3Bclouds%2C23.0.0%2CN%3Bfileman%2C22.300.0%2CN%3Btranslate%2C23.200.0%2CN%3Bhighloadblock%2C22.200.0%2CN%3Bui%2C22.1600.0%2CN%3Bperfmon%2C21.0.0%2CN&reqm=bitrix.sitecorporate&fullmoduleinfo=Y&SUPD_SRS=RU&SUPD_CMP=N
2025-01-09 21:56:41 -  - exec CUpdateClientPartner::GetHTTPPage
2025-01-09 21:56:41 -  - TIME GetUpdatesList(request) 0.087 sec
2025-01-09 21:56:41 -  - exec CUpdateClientPartner::ParseServerData
2025-01-09 21:56:41 -  - exec CUpdateClientPartner::__CollectRequestData
2025-01-09 21:56:41 -  - exec CUpdateClientPartner::GetHTTPPage
2025-01-09 21:56:41 -  - exec CUpdateClientPartner::ParseServerData
2025-01-11 08:16:28 -  - exec CUpdateClientPartner::__CollectRequestData
2025-01-11 08:16:28 -  - exec CUpdateClientPartner::GetHTTPPage
2025-01-11 08:16:28 -  - exec CUpdateClientPartner::ParseServerData
2025-01-11 08:16:28 -  - exec CUpdateClientPartner::GetUpdatesList
2025-01-11 08:16:28 -  - exec CUpdateClientPartner::__CollectRequestData
2025-01-11 08:16:28 -  - utf=Y&lang=ru&stable=Y&CANGZIP=Y&SUPD_DBS=MYSQL&XE=N&CLIENT_SITE=6.shurikromanov.site&LICENSE_KEY=X&SUPD_STS=1&SUPD_URS=1&TYPENC=D&CLIENT_PHPVER=8.0.30&NGINX=Y&dbv=5.7.21&instm=main%2C23.300.100%2CY%3Bb24connector%2C22.0.0%2CN%3Bbitrixcloud%2C22.100.0%2CN%3Bbitrix.sitecorporate%2C15.5.0%2CN%3Bsocialservices%2C22.200.400%2CN%3Brest%2C23.100.0%2CN%3Bseo%2C23.200.0%2CN%3Blocation%2C23.0.0%2CN%3Bmessageservice%2C23.0.0%2CN%3Blanding%2C23.600.100%2CN%3Bsearch%2C22.100.0%2CN%3Biblock%2C23.100.0%2CN%3Bclouds%2C23.0.0%2CN%3Bfileman%2C22.300.0%2CN%3Btranslate%2C23.200.0%2CN%3Bhighloadblock%2C22.200.0%2CN%3Bui%2C22.1600.0%2CN%3Bperfmon%2C21.0.0%2CN&reqm=bitrix.sitecorporate&fullmoduleinfo=Y&SUPD_SRS=RU&SUPD_CMP=N
2025-01-11 08:16:28 -  - exec CUpdateClientPartner::GetHTTPPage
2025-01-11 08:16:28 -  - TIME GetUpdatesList(request) 0.094 sec
2025-01-11 08:16:28 -  - exec CUpdateClientPartner::ParseServerData
2025-01-11 08:16:28 -  - exec CUpdateClientPartner::__CollectRequestData
2025-01-11 08:16:28 -  - exec CUpdateClientPartner::GetHTTPPage
2025-01-11 08:16:28 -  - exec CUpdateClientPartner::ParseServerData
